[    0.000000] Initializing cgroup subsys cpuset
[    0.000000] Initializing cgroup subsys cpu
[    0.000000] Initializing cgroup subsys cpuacct
[    0.000000] Linux version 4.4.0-210-generic (buildd@lgw01-amd64-009) (gcc version 5.4.0 20160609 (Ubuntu 5.4.0-6ubuntu1~16.04.12) ) #242-Ubuntu SMP Fri Apr 16 09:57:56 UTC 2021 (Ubuntu 4.4.0-210.242-generic 4.4.262)
[    0.000000] Command line: BOOT_IMAGE=/boot/vmlinuz-4.4.0-210-generic root=LABEL=cloudimg-rootfs ro console=tty1 console=ttyS0
[    0.000000] KERNEL supported cpus:
[    0.000000]   Intel GenuineIntel
[    0.000000]   AMD AuthenticAMD
[    0.000000]   Centaur CentaurHauls
[    0.000000] x86/fpu: xstate_offset[2]:  576, xstate_sizes[2]:  256
[    0.000000] x86/fpu: Supporting XSAVE feature 0x01: 'x87 floating point registers'
[    0.000000] x86/fpu: Supporting XSAVE feature 0x02: 'SSE registers'
[    0.000000] x86/fpu: Supporting XSAVE feature 0x04: 'AVX registers'
[    0.000000] x86/fpu: Enabled xstate features 0x7, context size is 832 bytes, using 'standard' format.
[    0.000000] e820: BIOS-provided physical RAM map:
[    0.000000] BIOS-e820: [mem 0x0000000000000000-0x000000000009fbff] usable
[    0.000000] BIOS-e820: [mem 0x000000000009fc00-0x000000000009ffff] reserved
[    0.000000] BIOS-e820: [mem 0x00000000000f0000-0x00000000000fffff] reserved
[    0.000000] BIOS-e820: [mem 0x0000000000100000-0x00000000dffeffff] usable
[    0.000000] BIOS-e820: [mem 0x00000000dfff0000-0x00000000dfffffff] ACPI data
[    0.000000] BIOS-e820: [mem 0x00000000fec00000-0x00000000fec00fff] reserved
[    0.000000] BIOS-e820: [mem 0x00000000fee00000-0x00000000fee00fff] reserved
[    0.000000] BIOS-e820: [mem 0x00000000fffc0000-0x00000000ffffffff] reserved
[    0.000000] NX (Execute Disable) protection: active
[    0.000000] SMBIOS 2.5 present.
[    0.000000] Hypervisor detected: KVM
[    0.000000] e820: last_pfn = 0xdfff0 max_arch_pfn = 0x400000000
[    0.000000] MTRR: Disabled
[    0.000000] x86/PAT: MTRRs disabled, skipping PAT initialization too.
[    0.000000] CPU MTRRs all blank - virtualized system.
[    0.000000] x86/PAT: Configuration [0-7]: WB  WT  UC- UC  WB  WT  UC- UC  
[    0.000000] found SMP MP-table at [mem 0x0009fff0-0x0009ffff] mapped at [ffff88000009fff0]
[    0.000000] Scanning 1 areas for low memory corruption
[    0.000000] RAMDISK: [mem 0x362dc000-0x37165fff]
[    0.000000] ACPI: Early table checksum verification disabled
[    0.000000] ACPI: RSDP 0x00000000000E0000 000024 (v02 VBOX  )
[    0.000000] ACPI: XSDT 0x00000000DFFF0030 00003C (v01 VBOX   VBOXXSDT 00000001 ASL  00000061)
[    0.000000] ACPI: FACP 0x00000000DFFF00F0 0000F4 (v04 VBOX   VBOXFACP 00000001 ASL  00000061)
[    0.000000] ACPI: DSDT 0x00000000DFFF0480 002325 (v02 VBOX   VBOXBIOS 00000002 INTL 20190509)
[    0.000000] ACPI: FACS 0x00000000DFFF0200 000040
[    0.000000] ACPI: FACS 0x00000000DFFF0200 000040
[    0.000000] ACPI: APIC 0x00000000DFFF0240 00006C (v02 VBOX   VBOXAPIC 00000001 ASL  00000061)
[    0.000000] ACPI: SSDT 0x00000000DFFF02B0 0001CC (v01 VBOX   VBOXCPUT 00000002 INTL 20190509)
[    0.000000] No NUMA configuration found
[    0.000000] Faking a node at [mem 0x0000000000000000-0x00000000dffeffff]
[    0.000000] NODE_DATA(0) allocated [mem 0xdffeb000-0xdffeffff]
[    0.000000] kvm-clock: Using msrs 4b564d01 and 4b564d00
[    0.000000] kvm-clock: cpu 0, msr 0:dffe3001, primary cpu clock
[    0.000000] kvm-clock: using sched offset of 3127017031 cycles
[    0.000000] clocksource: kvm-clock: mask: 0xffffffffffffffff max_cycles: 0x1cd42e4dffb, max_idle_ns: 881590591483 ns
[    0.000000] Zone ranges:
[    0.000000]   DMA      [mem 0x0000000000001000-0x0000000000ffffff]
[    0.000000]   DMA32    [mem 0x0000000001000000-0x00000000dffeffff]
[    0.000000]   Normal   empty
[    0.000000]   Device   empty
[    0.000000] Movable zone start for each node
[    0.000000] Early memory node ranges
[    0.000000]   node   0: [mem 0x0000000000001000-0x000000000009efff]
[    0.000000]   node   0: [mem 0x0000000000100000-0x00000000dffeffff]
[    0.000000] Initmem setup node 0 [mem 0x0000000000001000-0x00000000dffeffff]
[    0.000000] ACPI: PM-Timer IO Port: 0x4008
[    0.000000] IOAPIC[0]: apic_id 4, version 32, address 0xfec00000, GSI 0-23
[    0.000000] ACPI: INT_SRC_OVR (bus 0 bus_irq 0 global_irq 2 dfl dfl)
[    0.000000] ACPI: INT_SRC_OVR (bus 0 bus_irq 9 global_irq 9 low level)
[    0.000000] Using ACPI (MADT) for SMP configuration information
[    0.000000] smpboot: Allowing 4 CPUs, 0 hotplug CPUs
[    0.000000] PM: Registered nosave memory: [mem 0x00000000-0x00000fff]
[    0.000000] PM: Registered nosave memory: [mem 0x0009f000-0x0009ffff]
[    0.000000] PM: Registered nosave memory: [mem 0x000a0000-0x000effff]
[    0.000000] PM: Registered nosave memory: [mem 0x000f0000-0x000fffff]
[    0.000000] e820: [mem 0xe0000000-0xfebfffff] available for PCI devices
[    0.000000] Booting paravirtualized kernel on KVM
[    0.000000] clocksource: refined-jiffies: mask: 0xffffffff max_cycles: 0xffffffff, max_idle_ns: 7645519600211568 ns
[    0.000000] setup_percpu: NR_CPUS:512 nr_cpumask_bits:512 nr_cpu_ids:4 nr_node_ids:1
[    0.000000] PERCPU: Embedded 33 pages/cpu @ffff8800dfa00000 s95192 r8192 d31784 u524288
[    0.000000] Built 1 zonelists in Node order, mobility grouping on.  Total pages: 903032
[    0.000000] Policy zone: DMA32
[    0.000000] Kernel command line: BOOT_IMAGE=/boot/vmlinuz-4.4.0-210-generic root=LABEL=cloudimg-rootfs ro console=tty1 console=ttyS0
[    0.000000] PID hash table entries: 4096 (order: 3, 32768 bytes)
[    0.000000] Memory: 3578012K/3669560K available (8644K kernel code, 1332K rwdata, 4044K rodata, 1492K init, 1164K bss, 91548K reserved, 0K cma-reserved)
[    0.000000] SLUB: HWalign=64, Order=0-3, MinObjects=0, CPUs=4, Nodes=1
[    0.000000] Kernel/User page tables isolation: enabled
[    0.000000] Hierarchical RCU implementation.
[    0.000000] 	Build-time adjustment of leaf fanout to 64.
[    0.000000] 	RCU restricting CPUs from NR_CPUS=512 to nr_cpu_ids=4.
[    0.000000] RCU: Adjusting geometry for rcu_fanout_leaf=64, nr_cpu_ids=4
[    0.000000] NR_IRQS:33024 nr_irqs:456 16
[    0.000000] Console: colour VGA+ 80x25
[    0.000000] console [tty1] enabled
[    0.000000] console [ttyS0] enabled
[    0.000000] tsc: Detected 2925.118 MHz processor
[    0.126696] Calibrating delay loop (skipped) preset value.. 5850.23 BogoMIPS (lpj=11700472)
[    0.128060] pid_max: default: 32768 minimum: 301
[    0.128810] ACPI: Core revision 20150930
[    0.130275] ACPI: 2 ACPI AML tables successfully acquired and loaded
[    0.131352] Security Framework initialized
[    0.132064] Yama: becoming mindful.
[    0.132683] AppArmor: AppArmor initialized
[    0.133952] Dentry cache hash table entries: 524288 (order: 10, 4194304 bytes)
[    0.136172] Inode-cache hash table entries: 262144 (order: 9, 2097152 bytes)
[    0.137511] Mount-cache hash table entries: 8192 (order: 4, 65536 bytes)
[    0.138510] Mountpoint-cache hash table entries: 8192 (order: 4, 65536 bytes)
[    0.140172] Initializing cgroup subsys io
[    0.140838] Initializing cgroup subsys memory
[    0.141574] Initializing cgroup subsys devices
[    0.142286] Initializing cgroup subsys freezer
[    0.143051] Initializing cgroup subsys net_cls
[    0.143759] Initializing cgroup subsys perf_event
[    0.144506] Initializing cgroup subsys net_prio
[    0.145260] Initializing cgroup subsys hugetlb
[    0.146013] Initializing cgroup subsys pids
[    0.157839] mce: CPU supports 0 MCE banks
[    0.158621] Last level iTLB entries: 4KB 64, 2MB 8, 4MB 8
[    0.159449] Last level dTLB entries: 4KB 64, 2MB 0, 4MB 0, 1GB 4
[    0.160331] Spectre V1 : Mitigation: usercopy/swapgs barriers and __user pointer sanitization
[    0.161676] Spectre V2 : Mitigation: Full generic retpoline
[    0.162556] Spectre V2 : Spectre v2 / SpectreRSB mitigation: Filling RSB on context switch
[    0.163851] Speculative Store Bypass: Vulnerable
[    0.164594] SRBDS: Unknown: Dependent on hypervisor status
[    0.165492] MDS: Mitigation: Clear CPU buffers
[    0.168490] Freeing SMP alternatives memory: 36K
[    0.174295] ftrace: allocating 32380 entries in 127 pages
[    0.226211] smpboot: APIC(0) Converting physical 0 to logical package 0
[    0.227230] smpboot: Max logical packages: 1
[    0.228189] x2apic enabled
[    0.228954] Switched APIC routing to physical x2apic.
[    0.231392] ..TIMER: vector=0x30 apic1=0 pin1=2 apic2=-1 pin2=-1
[    0.340699] smpboot: CPU0: Intel(R) Core(TM) i7-7500U CPU @ 2.70GHz (family: 0x6, model: 0x8e, stepping: 0x9)
[    0.342409] Performance Events: unsupported p6 CPU model 142 no PMU driver, software events only.
[    0.353103] KVM setup paravirtual spinlock
[    0.354490] x86: Booting SMP configuration:
[    0.355230] .... node  #0, CPUs:      #1
[    0.356030] kvm-clock: cpu 1, msr 0:dffe3041, secondary cpu clock
[    0.367976] mce: CPU supports 0 MCE banks
[    0.370611]  #2
[    0.371017] kvm-clock: cpu 2, msr 0:dffe3081, secondary cpu clock
[    0.383250] mce: CPU supports 0 MCE banks
[    0.385834]  #3
[    0.386211] kvm-clock: cpu 3, msr 0:dffe30c1, secondary cpu clock
[    0.398917] mce: CPU supports 0 MCE banks
[    0.401506] x86: Booted up 1 node, 4 CPUs
[    0.402352] smpboot: Total of 4 processors activated (23400.94 BogoMIPS)
[    0.403828] devtmpfs: initialized
[    0.406713] evm: security.selinux
[    0.407357] evm: security.SMACK64
[    0.407936] evm: security.SMACK64EXEC
[    0.408559] evm: security.SMACK64TRANSMUTE
[    0.409238] evm: security.SMACK64MMAP
[    0.409941] evm: security.ima
[    0.410496] evm: security.capability
[    0.411237] clocksource: jiffies: mask: 0xffffffff max_cycles: 0xffffffff, max_idle_ns: 7645041785100000 ns
[    0.412790] futex hash table entries: 1024 (order: 4, 65536 bytes)
[    0.413803] pinctrl core: initialized pinctrl subsystem
[    0.414731] RTC time: 17:31:29, date: 11/12/21
[    0.415711] NET: Registered protocol family 16
[    0.429071] cpuidle: using governor ladder
[    0.440654] cpuidle: using governor menu
[    0.441430] PCCT header not found.
[    0.442165] ACPI: bus type PCI registered
[    0.442827] acpiphp: ACPI Hot Plug PCI Controller Driver version: 0.5
[    0.443831] PCI: Using configuration type 1 for base access
[    0.457551] ACPI: Added _OSI(Module Device)
[    0.458343] ACPI: Added _OSI(Processor Device)
[    0.459045] ACPI: Added _OSI(3.0 _SCP Extensions)
[    0.459795] ACPI: Added _OSI(Processor Aggregator Device)
[    0.461171] ACPI: Executed 1 blocks of module-level executable AML code
[    0.463804] ACPI: Interpreter enabled
[    0.464440] ACPI: (supports S0 S5)
[    0.465049] ACPI: Using IOAPIC for interrupt routing
[    0.465938] PCI: Using host bridge windows from ACPI; if necessary, use "pci=nocrs" and report a bug
[    0.470212] ACPI: PCI Root Bridge [PCI0] (domain 0000 [bus 00-ff])
[    0.471136] acpi PNP0A03:00: _OSC: OS supports [ASPM ClockPM Segments MSI]
[    0.472379] acpi PNP0A03:00: _OSC: not requesting OS control; OS requires [ExtendedConfig ASPM ClockPM MSI]
[    0.473889] acpi PNP0A03:00: fail to add MMCONFIG information, can't access extended PCI configuration space under this bridge.
[    0.475774] PCI host bridge to bus 0000:00
[    0.476450] pci_bus 0000:00: root bus resource [io  0x0000-0x0cf7 window]
[    0.477488] pci_bus 0000:00: root bus resource [io  0x0d00-0xffff window]
[    0.478468] pci_bus 0000:00: root bus resource [mem 0x000a0000-0x000bffff window]
[    0.479677] pci_bus 0000:00: root bus resource [mem 0xe0000000-0xfdffffff window]
[    0.480910] pci_bus 0000:00: root bus resource [bus 00-ff]
[    0.482973] pci 0000:00:01.1: legacy IDE quirk: reg 0x10: [io  0x01f0-0x01f7]
[    0.483996] pci 0000:00:01.1: legacy IDE quirk: reg 0x14: [io  0x03f6]
[    0.492530] pci 0000:00:01.1: legacy IDE quirk: reg 0x18: [io  0x0170-0x0177]
[    0.493572] pci 0000:00:01.1: legacy IDE quirk: reg 0x1c: [io  0x0376]
[    0.524591] pci 0000:00:07.0: quirk: [io  0x4000-0x403f] claimed by PIIX4 ACPI
[    0.525866] pci 0000:00:07.0: quirk: [io  0x4100-0x410f] claimed by PIIX4 SMB
[    0.546253] ACPI: PCI Interrupt Link [LNKA] (IRQs 5 9 10 *11)
[    0.547733] ACPI: PCI Interrupt Link [LNKB] (IRQs 5 9 *10 11)
[    0.549149] ACPI: PCI Interrupt Link [LNKC] (IRQs 5 *9 10 11)
[    0.550479] ACPI: PCI Interrupt Link [LNKD] (IRQs 5 9 10 *11)
[    0.551710] ACPI: Enabled 2 GPEs in block 00 to 07
[    0.552800] vgaarb: setting as boot device: PCI:0000:00:02.0
[    0.553664] vgaarb: device added: PCI:0000:00:02.0,decodes=io+mem,owns=io+mem,locks=none
[    0.555004] vgaarb: loaded
[    0.555529] vgaarb: bridge control possible 0000:00:02.0
[    0.556543] SCSI subsystem initialized
[    0.557268] ACPI: bus type USB registered
[    0.557951] usbcore: registered new interface driver usbfs
[    0.558816] usbcore: registered new interface driver hub
[    0.559647] usbcore: registered new device driver usb
[    0.560613] PCI: Using ACPI for IRQ routing
[    0.561554] NetLabel: Initializing
[    0.562197] NetLabel:  domain hash size = 128
[    0.562887] NetLabel:  protocols = UNLABELED CIPSOv4
[    0.563664] NetLabel:  unlabeled traffic allowed by default
[    0.564665] amd_nb: Cannot enumerate AMD northbridges
[    0.565519] clocksource: Switched to clocksource kvm-clock
[    0.572066] AppArmor: AppArmor Filesystem Enabled
[    0.573022] pnp: PnP ACPI init
[    0.574277] pnp: PnP ACPI: found 3 devices
[    0.583036] clocksource: acpi_pm: mask: 0xffffff max_cycles: 0xffffff, max_idle_ns: 2085701024 ns
[    0.584712] NET: Registered protocol family 2
[    0.585738] TCP established hash table entries: 32768 (order: 6, 262144 bytes)
[    0.587619] TCP bind hash table entries: 32768 (order: 7, 524288 bytes)
[    0.588825] TCP: Hash tables configured (established 32768 bind 32768)
[    0.590001] UDP hash table entries: 2048 (order: 4, 65536 bytes)
[    0.591168] UDP-Lite hash table entries: 2048 (order: 4, 65536 bytes)
[    0.593124] NET: Registered protocol family 1
[    0.594706] pci 0000:00:00.0: Limiting direct PCI/PCI transfers
[    0.595973] pci 0000:00:01.0: Activating ISA DMA hang workarounds
[    0.597177] Unpacking initramfs...
[    0.778580] Freeing initrd memory: 14888K
[    0.779523] clocksource: tsc: mask: 0xffffffffffffffff max_cycles: 0x2a29f32a68d, max_idle_ns: 440795293923 ns
[    0.781354] platform rtc_cmos: registered platform RTC device (no PNP device found)
[    0.782874] Scanning for low memory corruption every 60 seconds
[    0.784276] audit: initializing netlink subsys (disabled)
[    0.785264] audit: type=2000 audit(1636738294.205:1): initialized
[    0.786590] Initialise system trusted keyring
[    0.787617] HugeTLB registered 2 MB page size, pre-allocated 0 pages
[    0.789797] zbud: loaded
[    0.790688] VFS: Disk quotas dquot_6.6.0
[    0.791471] VFS: Dquot-cache hash table entries: 512 (order 0, 4096 bytes)
[    0.792832] squashfs: version 4.0 (2009/01/31) Phillip Lougher
[    0.794171] fuse init (API version 7.23)
[    0.795074] Key type big_key registered
[    0.795841] Allocating IMA MOK and blacklist keyrings.
[    0.797783] Key type asymmetric registered
[    0.799238] Asymmetric key parser 'x509' registered
[    0.800959] Block layer SCSI generic (bsg) driver version 0.4 loaded (major 249)
[    0.802659] io scheduler noop registered
[    0.803318] io scheduler deadline registered (default)
[    0.804254] io scheduler cfq registered
[    0.805019] pci_hotplug: PCI Hot Plug PCI Core version: 0.5
[    0.805964] pciehp: PCI Express Hot Plug Controller Driver version: 0.4
[    0.807001] ACPI: AC Adapter [AC] (on-line)
[    0.807730] input: Power Button as /devices/LNXSYSTM:00/LNXPWRBN:00/input/input0
[    0.808939] ACPI: Power Button [PWRF]
[    0.809647] input: Sleep Button as /devices/LNXSYSTM:00/LNXSLPBN:00/input/input1
[    0.810846] ACPI: Sleep Button [SLPF]
[    0.811627] GHES: HEST is not enabled!
[    0.812291] ACPI: Battery Slot [BAT0] (battery present)
[    0.813331] Serial: 8250/16550 driver, 32 ports, IRQ sharing enabled
[    0.834728] 00:02: ttyS0 at I/O 0x3f8 (irq = 4, base_baud = 115200) is a 16550A
[    0.837938] Linux agpgart interface v0.103
[    0.841018] loop: module loaded
[    0.842146] scsi host0: ata_piix
[    0.842871] scsi host1: ata_piix
[    0.843470] ata1: PATA max UDMA/33 cmd 0x1f0 ctl 0x3f6 bmdma 0xd000 irq 14
[    0.844453] ata2: PATA max UDMA/33 cmd 0x170 ctl 0x376 bmdma 0xd008 irq 15
[    0.845606] libphy: Fixed MDIO Bus: probed
[    0.847357] tun: Universal TUN/TAP device driver, 1.6
[    0.848940] tun: (C) 1999-2004 Max Krasnyansky <maxk@qualcomm.com>
[    0.850150] PPP generic driver version 2.4.2
[    0.850911] ehci_hcd: USB 2.0 'Enhanced' Host Controller (EHCI) Driver
[    0.851863] ehci-pci: EHCI PCI platform driver
[    0.852590] ehci-platform: EHCI generic platform driver
[    0.853400] ohci_hcd: USB 1.1 'Open' Host Controller (OHCI) Driver
[    0.854340] ohci-pci: OHCI PCI platform driver
[    0.855068] ohci-platform: OHCI generic platform driver
[    0.855870] uhci_hcd: USB Universal Host Controller Interface driver
[    0.856827] i8042: PNP: PS/2 Controller [PNP0303:PS2K,PNP0f03:PS2M] at 0x60,0x64 irq 1,12
[    0.858555] serio: i8042 KBD port at 0x60,0x64 irq 1
[    0.859320] serio: i8042 AUX port at 0x60,0x64 irq 12
[    0.860291] mousedev: PS/2 mouse device common for all mice
[    0.861397] input: AT Translated Set 2 keyboard as /devices/platform/i8042/serio0/input/input2
[    0.863200] rtc_cmos rtc_cmos: rtc core: registered rtc_cmos as rtc0
[    0.864153] rtc_cmos rtc_cmos: alarms up to one day, 114 bytes nvram
[    0.865064] i2c /dev entries driver
[    0.865737] device-mapper: uevent: version 1.0.3
[    0.866534] device-mapper: ioctl: 4.34.0-ioctl (2015-10-28) initialised: dm-devel@redhat.com
[    0.867931] ledtrig-cpu: registered to indicate activity on CPUs
[    0.869185] NET: Registered protocol family 10
[    0.870108] NET: Registered protocol family 17
[    0.870860] Key type dns_resolver registered
[    0.871932] registered taskstats version 1
[    0.872621] Loading compiled-in X.509 certificates
[    0.873892] Loaded X.509 cert 'Build time autogenerated kernel key: cf00e047681d67edb2720680708b7d9498083038'
[    0.875402] zswap: loaded using pool lzo/zbud
[    0.877809] Key type trusted registered
[    0.881531] Key type encrypted registered
[    0.882257] AppArmor: AppArmor sha1 policy hashing enabled
[    0.883148] ima: No TPM chip found, activating TPM-bypass!
[    0.884040] ima: Allocated hash algorithm: sha1
[    0.884769] evm: HMAC attrs: 0x1
[    0.885718]   Magic number: 13:214:542
[    0.886509] rtc_cmos rtc_cmos: setting system clock to 2021-11-12 17:31:30 UTC (1636738290)
[    0.887985] BIOS EDD facility v0.16 2004-Jun-25, 0 devices found
[    0.888942] EDD information not available.
[    1.035893] Freeing unused kernel memory: 1492K
[    1.038148] Write protecting the kernel read-only data: 14336k
[    1.041822] Freeing unused kernel memory: 1584K
[    1.044346] Freeing unused kernel memory: 52K
Loading, please wait...
starting version 229
[    1.072547] random: systemd-udevd: uninitialized urandom read (16 bytes read, 3 bits of entropy available)
[    1.073812] random: udevadm: uninitialized urandom read (16 bytes read, 3 bits of entropy available)
[    1.073851] random: udevadm: uninitialized urandom read (16 bytes read, 3 bits of entropy available)
[    1.079407] random: systemd-udevd: uninitialized urandom read (16 bytes read, 3 bits of entropy available)
[    1.081621] random: systemd-udevd: uninitialized urandom read (16 bytes read, 3 bits of entropy available)
[    1.082957] random: udevadm: uninitialized urandom read (16 bytes read, 3 bits of entropy available)
[    1.083024] random: udevadm: uninitialized urandom read (16 bytes read, 3 bits of entropy available)
[    1.083342] random: udevadm: uninitialized urandom read (16 bytes read, 3 bits of entropy available)
[    1.083416] random: udevadm: uninitialized urandom read (16 bytes read, 3 bits of entropy available)
[    1.083486] random: udevadm: uninitialized urandom read (16 bytes read, 3 bits of entropy available)
[    1.124875] e1000: Intel(R) PRO/1000 Network Driver - version 7.3.21-k8-NAPI
[    1.126689] e1000: Copyright (c) 1999-2006 Intel Corporation.
[    1.130878] Fusion MPT base driver 3.04.20
[    1.132353] Copyright (c) 1999-2008 LSI Corporation
[    1.138323] Fusion MPT SPI Host driver 3.04.20
[    1.144508] AVX2 version of gcm_enc/dec engaged.
[    1.145405] AES CTR mode by8 optimization enabled
[    1.358203] input: ImExPS/2 Generic Explorer Mouse as /devices/platform/i8042/serio1/input/input4
[    2.066593] e1000 0000:00:03.0 eth0: (PCI:33MHz:32-bit) 02:be:82:6b:cc:1d
[    2.067799] e1000 0000:00:03.0 eth0: Intel(R) PRO/1000 Network Connection
[    2.069566] mptbase: ioc0: Initiating bringup
[    2.914874] ioc0: LSI53C1030 A0: Capabilities={Initiator}
[    4.419440] scsi host2: ioc0: LSI53C1030 A0, FwRev=00000000h, Ports=1, MaxQ=256, IRQ=20
[    6.426503] scsi 2:0:0:0: Direct-Access     VBOX     HARDDISK         1.0  PQ: 0 ANSI: 5
[    6.434850] scsi target2:0:0: Beginning Domain Validation
[    6.447901] scsi target2:0:0: Domain Validation skipping write tests
[    6.454036] scsi target2:0:0: Ending Domain Validation
[    6.458777] scsi target2:0:0: asynchronous
[    6.462288] scsi 2:0:1:0: Direct-Access     VBOX     HARDDISK         1.0  PQ: 0 ANSI: 5
[    6.465585] scsi target2:0:1: Beginning Domain Validation
[    6.469188] scsi target2:0:1: Domain Validation skipping write tests
[    6.482098] scsi target2:0:1: Ending Domain Validation
[    6.483225] scsi target2:0:1: asynchronous
[    6.498131] sd 2:0:0:0: [sda] 83886080 512-byte logical blocks: (42.9 GB/40.0 GiB)
[    6.499575] sd 2:0:0:0: Attached scsi generic sg0 type 0
[    6.500528] sd 2:0:0:0: [sda] Write Protect is off
[    6.501391] sd 2:0:0:0: [sda] Incomplete mode parameter data
[    6.502387] sd 2:0:0:0: [sda] Assuming drive cache: write through
[    6.503791] sd 2:0:1:0: [sdb] 20480 512-byte logical blocks: (10.5 MB/10.0 MiB)
[    6.503809] sd 2:0:1:0: Attached scsi generic sg1 type 0
[    6.506770] sd 2:0:1:0: [sdb] Write Protect is off
[    6.507524]  sda: sda1
[    6.508002] sd 2:0:0:0: [sda] Attached SCSI disk
[    6.509485] sd 2:0:1:0: [sdb] Incomplete mode parameter data
[    6.513246] sd 2:0:1:0: [sdb] Assuming drive cache: write through
[    6.515931] sd 2:0:1:0: [sdb] Attached SCSI disk
[    6.803918] e1000 0000:00:08.0 eth1: (PCI:33MHz:32-bit) 08:00:27:85:e5:15
[    6.805042] e1000 0000:00:08.0 eth1: Intel(R) PRO/1000 Network Connection
[    6.806894] e1000 0000:00:03.0 enp0s3: renamed from eth0
[    8.363290] e1000 0000:00:08.0 enp0s8: renamed from eth1
Begin: Loading essential drivers ... [   10.071855] md: linear personality registered for level -1
[   10.074964] md: multipath personality registered for level -4
[   10.077892] md: raid0 personality registered for level 0
[   10.082044] md: raid1 personality registered for level 1
[   10.153604] raid6: sse2x1   gen() 12194 MB/s
[   10.221587] raid6: sse2x1   xor()  9071 MB/s
[   10.289597] raid6: sse2x2   gen() 15036 MB/s
[   10.357599] raid6: sse2x2   xor() 10432 MB/s
[   10.425577] raid6: sse2x4   gen() 17106 MB/s
[   10.493580] raid6: sse2x4   xor() 11484 MB/s
[   10.561634] raid6: avx2x1   gen() 21629 MB/s
[   10.629590] raid6: avx2x2   gen() 27580 MB/s
[   10.697583] raid6: avx2x4   gen() 30709 MB/s
[   10.698402] raid6: using algorithm avx2x4 gen() 30709 MB/s
[   10.699457] raid6: using avx2x2 recovery algorithm
[   10.701731] xor: automatically using best checksumming function:
[   10.741581]    avx       : 23058.000 MB/sec
[   10.743285] async_tx: api initialized (async)
[   10.751833] md: raid6 personality registered for level 6
[   10.752849] md: raid5 personality registered for level 5
[   10.753841] md: raid4 personality registered for level 4
[   10.761928] md: raid10 personality registered for level 10
done.
Begin: Running /scripts/init-premount ... done.
Begin: Mounting root file system ... Begin: Running /scripts/local-top ... done.
Begin: Running /scripts/local-premount ... [   10.785681] Btrfs loaded
Scanning for Btrfs filesystems
done.
Warning: fsck not present, so skipping root file system
[   10.818369] EXT4-fs (sda1): mounted filesystem with ordered data mode. Opts: (null)
done.
Begin: Running /scripts/local-bottom ... done.
Begin: Running /scripts/init-bottom ... done.
[   10.920540] systemd[1]: systemd 229 running in system mode. (+PAM +AUDIT +SELINUX +IMA +APPARMOR +SMACK +SYSVINIT +UTMP +LIBCRYPTSETUP +GCRYPT +GNUTLS +ACL +XZ -LZ4 +SECCOMP +BLKID +ELFUTILS +KMOD -IDN)
[   10.924282] systemd[1]: Detected virtualization oracle.
[   10.925439] systemd[1]: Detected architecture x86-64.

Welcome to [1mUbuntu 16.04.7 LTS[0m!

[   10.928939] systemd[1]: Set hostname to <integration-server>.
[   11.669124] systemd[1]: Created slice User and Session Slice.
[[0;32m  OK  [0m] Created slice User and Session Slice.
[   11.670916] systemd[1]: Reached target Swap.
[[0;32m  OK  [0m] Reached target Swap.
[   11.672288] systemd[1]: Listening on LVM2 poll daemon socket.
[[0;32m  OK  [0m] Listening on LVM2 poll daemon socket.
[   11.673967] systemd[1]: Listening on udev Control Socket.
[[0;32m  OK  [0m] Listening on udev Control Socket.
[   11.675544] systemd[1]: Listening on fsck to fsckd communication Socket.
[[0;32m  OK  [0m] Listening on fsck to fsckd communication Socket.
[   11.677489] systemd[1]: Reached target System Time Synchronized.
[[0;32m  OK  [0m] Reached target System Time Synchronized.
[   11.679196] systemd[1]: Reached target User and Group Name Lookups.
[[0;32m  OK  [0m] Reached target User and Group Name Lookups.
[   11.680966] systemd[1]: Listening on Syslog Socket.
[[0;32m  OK  [0m] Listening on Syslog Socket.
[   11.682613] systemd[1]: Created slice System Slice.
[[0;32m  OK  [0m] Created slice System Slice.
[   11.684100] systemd[1]: Listening on udev Kernel Socket.
[[0;32m  OK  [0m] Listening on udev Kernel Socket.
[   11.685713] systemd[1]: Listening on Journal Audit Socket.
[[0;32m  OK  [0m] Listening on Journal Audit Socket.
[   11.687303] systemd[1]: Reached target Slices.
[[0;32m  OK  [0m] Reached target Slices.
[   11.688776] systemd[1]: Set up automount Arbitrary Executable File Formats File System Automount Point.
[[0;32m  OK  [0m] Set up automount Arbitrary Executab...ats File System Automount Point.
[   11.691386] systemd[1]: Started Trigger resolvconf update for networkd DNS.
[[0;32m  OK  [0m] Started Trigger resolvconf update for networkd DNS.
[   11.693398] systemd[1]: Listening on Device-mapper event daemon FIFOs.
[[0;32m  OK  [0m] Listening on Device-mapper event daemon FIFOs.
[   11.695448] systemd[1]: Created slice system-serial\x2dgetty.slice.
[[0;32m  OK  [0m] Created slice system-serial\x2dgetty.slice.
[   11.697198] systemd[1]: Started Forward Password Requests to Wall Directory Watch.
[[0;32m  OK  [0m] Started Forward Password Requests to Wall Directory Watch.
[   11.699485] systemd[1]: Listening on LVM2 metadata daemon socket.
[[0;32m  OK  [0m] Listening on LVM2 metadata daemon socket.
[   11.701217] systemd[1]: Listening on Journal Socket.
[[0;32m  OK  [0m] Listening on Journal Socket.
[   12.362736] systemd[1]: Mounting POSIX Message Queue File System...
         Mounting POSIX Message Queue File System...
[   12.376803] systemd[1]: Starting File System Check on Root Device...
         Starting File System Check on Root Device...
[   12.391035] systemd[1]: Starting Nameserver information manager...
         Starting Nameserver information manager...
[   12.405385] systemd[1]: Starting Uncomplicated firewall...
         Starting Uncomplicated firewall...
[   12.418029] systemd[1]: Starting Create list of required static device nodes for the current kernel...
         Starting Create list of required st... nodes for the current kernel...
[   12.438118] systemd[1]: Starting Monitoring of LVM2 mirrors, snapshots etc. using dmeventd or progress polling...
         Starting Monitoring of LVM2 mirrors... dmeventd or progress polling...
[   12.455288] systemd[1]: Mounting Huge Pages File System...
         Mounting Huge Pages File System...
[   12.463662] systemd[1]: Reached target Encrypted Volumes.
[[0;32m  OK  [0m] Reached target Encrypted Volumes.
[   12.467372] systemd[1]: Listening on /dev/initctl Compatibility Named Pipe.
[[0;32m  OK  [0m] Listening on /dev/initctl Compatibility Named Pipe.
[   12.473022] systemd[1]: Mounting Debug File System...
         Mounting Debug File System...
[   12.478169] systemd[1]: Starting Load Kernel Modules...
         Starting Load Kernel Modules...
[   12.481372] systemd[1]: Listening on Journal Socket (/dev/log).
[[0;32m  OK  [0m] Listening on Journal Socket (/dev/log).
[   12.485061] systemd[1]: Starting Journal Service...
         Starting Journal Service...
[   12.488139] systemd[1]: Starting Set console keymap...
         Starting Set console keymap...
[   12.490874] Loading iSCSI transport class v2.0-870.
[   12.492790] systemd[1]: Mounted Huge Pages File System.
[[0;32m  OK  [0m] Mounted Huge Pages File System.
[   12.496613] systemd[1]: Mounted POSIX Message Queue File System.
[[0;32m  OK  [0m] Mounted POSIX Message Queue File System.
[   12.500911] systemd[1]: Mounted Debug File System.
[[0;32m  OK  [0m] Mounted Debug File System.
[   12.503537] systemd[1]: Started File System Check on Root Device.
[[0;32m  OK  [0m] Started File System Check on Root Device.
[   12.505957] iscsi: registered transport (tcp)
[   12.508319] systemd[1]: Started Uncomplicated firewall.
[[0;32m  OK  [0m] Started Uncomplicated firewall.
[   12.511623] systemd[1]: Started Create list of required static device nodes for the current kernel.
[[0;32m  OK  [0m] Started Create list of required sta...ce nodes for the current kernel.
[   12.515599] systemd[1]: Started Nameserver information manager.
[[0;32m  OK  [0m] Started Nameserver information manager.
[   12.522969] systemd[1]: Started Journal Service.
[[0;32m  OK  [0m] Started Journal Service.
[[0;32m  OK  [0m] Started File System Check Daemon to report status.
[[0;32m  OK  [0m] Started LVM2 metadata daemon.
         Starting Create Static Device Nodes in /dev...
         Starting Remount Root and Kernel File Systems...
[   12.537664] EXT4-fs (sda1): re-mounted. Opts: (null)
[[0;32m  OK  [0m] Started Remount Root and Kernel File Systems.
         Starting Load/Save Random Seed...
         Starting Flush Journal to Persistent Storage...
         Starting udev Coldplug all Devices...
[   12.550986] iscsi: registered transport (iser)
[[0;32m  OK  [0m] Started Set console keymap.
[[0;32m  OK  [0m] Started Load Kernel Modules.
[[0;32m  OK  [0m] Started Create Static Device Nodes in /dev.
[[0;32m  OK  [0m] Started Load/Save Random Seed.
         Starting udev Kernel Device Manager...
         Starting Apply Kernel Variables...
         Mounting FUSE Control File System...
[[0;32m  OK  [0m] Mounted FUSE Control File System.
[[0;32m  OK  [0m] Started Apply Kernel Variables.
[[0;32m  OK  [0m] Started Flush Journal to Persistent Storage.
[[0;32m  OK  [0m] Started udev Kernel Device Manager.
[[0;32m  OK  [0m] Started udev Coldplug all Devices.
[[0;32m  OK  [0m] Started Dispatch Password Requests to Console Directory Watch.
[[0;32m  OK  [0m] Found device /dev/ttyS0.
[[0;32m  OK  [0m] Listening on Load/Save RF Kill Switch Status /dev/rfkill Watch.
[[0;32m  OK  [0m] Started Monitoring of LVM2 mirrors,...ng dmeventd or progress polling.
[[0;32m  OK  [0m] Found device 82540EM Gigabit Ethern...r (PRO/1000 MT Desktop Adapter).
[[0;32m  OK  [0m] Reached target Local File Systems (Pre).
[[0;32m  OK  [0m] Reached target Local File Systems.
         Starting Create Volatile Files and Directories...
         Starting Initial cloud-init job (pre-networking)...
         Starting Tell Plymouth To Write Out Runtime Data...
         Starting Set console font and keymap...
         Starting LSB: AppArmor initialization...
[[0;32m  OK  [0m] Started Create Volatile Files and Directories.
[[0;32m  OK  [0m] Started Tell Plymouth To Write Out Runtime Data.
         Starting Update UTMP about System Boot/Shutdown...
[[0;32m  OK  [0m] Found device 82540EM Gigabit Ethern...r (PRO/1000 MT Desktop Adapter).
[[0;32m  OK  [0m] Started Update UTMP about System Boot/Shutdown.
[[0;32m  OK  [0m] Started LSB: AppArmor initialization.
         Starting Load AppArmor profiles managed internally by snapd...
[[0;32m  OK  [0m] Started Load AppArmor profiles managed internally by snapd.
[[0;32m  OK  [0m] Started Set console font and keymap.
[[0;32m  OK  [0m] Created slice system-getty.slice.
[   13.613304] cloud-init[668]: Cloud-init v. 21.1-19-gbad84ad4-0ubuntu1~16.04.2 running 'init-local' at Fri, 12 Nov 2021 17:31:43 +0000. Up 13.41 seconds.
[[0;32m  OK  [0m] Started Initial cloud-init job (pre-networking).
[[0;32m  OK  [0m] Reached target Network (Pre).
         Starting Raise network interfaces...
[[0;32m  OK  [0m] Started ifup for enp0s3.
[[0;32m  OK  [0m] Started ifup for enp0s8.
[[0;32m  OK  [0m] Started Raise network interfaces.
         Starting Initial cloud-init job (metadata service crawler)...
[[0;32m  OK  [0m] Reached target Network.
[   14.201720] cloud-init[1106]: Cloud-init v. 21.1-19-gbad84ad4-0ubuntu1~16.04.2 running 'init' at Fri, 12 Nov 2021 17:31:43 +0000. Up 14.00 seconds.
[   14.220316] cloud-init[1106]: ci-info: ++++++++++++++++++++++++++++++++++++++Net device info+++++++++++++++++++++++++++++++++++++++
[   14.221644] cloud-init[1106]: ci-info: +--------+------+-----------------------------+---------------+--------+-------------------+
[   14.222956] cloud-init[1106]: ci-info: | Device |  Up  |           Address           |      Mask     | Scope  |     Hw-Address    |
[   14.228568] cloud-init[1106]: ci-info: +--------+------+-----------------------------+---------------+--------+-------------------+
[   14.230614] cloud-init[1106]: ci-info: | enp0s3 | True |          10.0.2.15          | 255.255.255.0 | global | 02:be:82:6b:cc:1d |
[   14.232498] cloud-init[1106]: ci-info: | enp0s3 | True |  fe80::be:82ff:fe6b:cc1d/64 |       .       |  link  | 02:be:82:6b:cc:1d |
[   14.234359] cloud-init[1106]: ci-info: | enp0s8 | True |         192.168.33.9        | 255.255.255.0 | global | 08:00:27:85:e5:15 |
[   14.236305] cloud-init[1106]: ci-info: | enp0s8 | True | fe80::a00:27ff:fe85:e515/64 |       .       |  link  | 08:00:27:85:e5:15 |
[   14.238141] cloud-init[1106]: ci-info: |   lo   | True |          127.0.0.1          |   255.0.0.0   |  host  |         .         |
[   14.240034] cloud-init[1106]: ci-info: |   lo   | True |           ::1/128           |       .       |  host  |         .         |
[   14.242018] cloud-init[1106]: ci-info: +--------+------+-----------------------------+---------------+--------+-------------------+
[   14.243881] cloud-init[1106]: ci-info: ++++++++++++++++++++++++++++Route IPv4 info++++++++++++++++++++++++++++
[   14.245588] [[0;32m  OK  [0m] Started Initial cloud-init job (metadata service crawler).
[[0;32m  OK  [0m] Reached target Cloud-config availability.
[[0;32m  OK  [0m] Reached target System Initialization.
cloud-init[1106]: ci-info: +-------+--------------+----------+---------------+-----------+-------+
[   14.248070] [[0;32m  OK  [0m] Started ACPI Events Check.
cloud-init[1106]: ci-info: | Route | Destination  | Gateway  |    Genmask    | Interface | Flags |
[   14.249450]          cloud-initStarting LXD - unix socket.[1106]: 
ci-info: +-------+--------------+----------+---------------+-----------+-------+
[   14.251296] [[0;32m  OK  [0m] Started Daily Cleanup of Temporary Directories.
cloud-init[1106]: ci-info: |   0   |   0.0.0.0    | 10.0.2.2 |    0.0.0.0    |   enp0s3  |   UG  |
[   14.253347] [[0;32m  OK  [0m] Started Message of the Day.
[[0;32m  OK  [0m] Listening on D-Bus System Message Bus Socket.
         Starting Socket activation for snappy daemon.
[[0;32m  OK  [0m] Listening on UUID daemon activation socket.
[[0;32m  OK  [0m] Started Daily apt download activities.
[[0;32m  OK  [0m] Started Daily apt upgrade and clean activities.
[[0;32m  OK  [0m] Listening on ACPID Listen Socket.
[[0;32m  OK  [0m] Started Trigger to poll for Ubuntu ...nly enabled on GCP LTS non-pro).
[[0;32m  OK  [0m] Reached target Paths.
         Starting Docker Socket for the API.
[[0;32m  OK  [0m] Started Ubuntu Advantage Timer for running repeated jobs.
[[0;32m  OK  [0m] Reached target Timers.
[[0;32m  OK  [0m] Reached target Network is Online.
cloud-init[1106]: ci-info: |   1   |   10.0.2.0   | 0.0.0.0  | 255.255.255.0 |   enp0s3  |   U   |
[   14.261805] cloud-init[1106]: ci-info: |   2   | 192.168.33.0 | 0.0.0.0  | 255.255.255.0 |   enp0s8  |   U   |
[   14.263201] cloud-init[1106]: ci-info: +-------+--------------+----------+---------------+-----------+-------+
[   14.264539] cloud-init[1106]: ci-info: +++++++++++++++++++Route IPv6 info+++++++++++++++++++
[   14.265373] cloud-init[1106]: ci-info: +-------+-------------+---------+-----------+-------+
[   14.266223] cloud-init[1106]: ci-info: | Route | Destination | Gateway | Interface | Flags |
[   14.267090] cloud-init[1106]: ci-info: +-------+-------------+---------+-----------+-------+
[   14.267809] cloud-init[1106]: ci-info: |   0   |  fe80::/64  |    ::   |   enp0s8  |   U   |
[   14.268879] cloud-init[1106]: ci-info: |   1   |  fe80::/64  |    ::   |   enp0s3  |   U   |
[   14.269901] cloud-init[1106]: ci-info: |   4   |   ff00::/8  |    ::   |   enp0s8  |   U   |
[   14.270913] cloud-init[1106]: ci-info: |   5   |   ff00::/8  |    ::   |   enp0s3  |   U   |
[   14.271928]          Starting iSCSI initiator daemon (iscsid)...
cloud-init[1106]: ci-info: +-------+-------------+---------+-----------+-------+
[[0;32m  OK  [0m] Listening on LXD - unix socket.
[[0;32m  OK  [0m] Listening on Socket activation for snappy daemon.
[[0;32m  OK  [0m] Listening on Docker Socket for the API.
[[0;32m  OK  [0m] Reached target Sockets.
[[0;32m  OK  [0m] Reached target Basic System.
         Starting OpenBSD Secure Shell server...
         Starting /etc/rc.local Compatibility...
         Starting System Logging Service...
         Starting LSB: MD monitoring daemon...
         Starting Accounts Service...
[[0;32m  OK  [0m] Started Regular background program processing daemon.
[[0;32m  OK  [0m] Started Deferred execution scheduler.
[[0;32m  OK  [0m] Started D-Bus System Message Bus.
         Starting LXD - container startup/shutdown...
         Starting Login Service...
[[0;32m  OK  [0m] Started ACPI event daemon.
         Starting Virtualbox guest utils...
         Starting containerd container runtime...
[[0;32m  OK  [0m] Started GitLab Runner.
         Starting LSB: Record successful boot for GRUB...
         Starting Snap Daemon...
[[0;32m  OK  [0m] Started FUSE filesystem for LXC.
[[0;32m  OK  [0m] Started System Logging Service.
[[0;32m  OK  [0m] Started iSCSI initiator daemon (iscsid).
[[0;32m  OK  [0m] Started /etc/rc.local Compatibility.
[[0;32m  OK  [0m] Started OpenBSD Secure Shell server.
         Starting Authenticate and Authorize Users to Run Privileged Tasks...
         Starting Login to default iSCSI targets...
[[0;32m  OK  [0m] Started Login Service.
[[0;32m  OK  [0m] Started Unattended Upgrades Shutdown.
[[0;32m  OK  [0m] Started LSB: Record successful boot for GRUB.
[[0;32m  OK  [0m] Started LSB: MD monitoring daemon.
[[0;32m  OK  [0m] Started Authenticate and Authorize Users to Run Privileged Tasks.
[[0;32m  OK  [0m] Started Accounts Service.
[[0;32m  OK  [0m] Started Login to default iSCSI targets.
[[0;32m  OK  [0m] Reached target Remote File Systems (Pre).
         Mounting /vagrant_data...
         Mounting /vagrant...
[[0;32m  OK  [0m] Mounted /vagrant_data.
[[0;32m  OK  [0m] Mounted /vagrant.
[[0;32m  OK  [0m] Reached target Remote File Systems.
         Starting LSB: automatic crash report generation...
         Starting Permit User Sessions...
         Starting LSB: daemon to balance interrupts for SMP systems...
         Starting LSB: Set the CPU Frequency Scaling governor to "ondemand"...
[[0;32m  OK  [0m] Started Virtualbox guest utils.
[[0;32m  OK  [0m] Started Permit User Sessions.
         Starting Terminate Plymouth Boot Screen...
         Starting Hold until boot process finishes up...
[[0;32m  OK  [0m] Started Hold until boot process finishes up.
[[0;32m  OK  [0m] Started Getty on tty1.
[[0;32m  OK  [0m] Started Serial Getty on ttyS0.
[[0;32m  OK  [0m] Reached target Login Prompts.
         Starting Set console scheme...
[[0;32m  OK  [0m] Started Terminate Plymouth Boot Screen.
[[0;32m  OK  [0m] Started Set console scheme.
[[0;32m  OK  [0m] Started LSB: Set the CPU Frequency Scaling governor to "ondemand".
[[0;32m  OK  [0m] Started LSB: daemon to balance interrupts for SMP systems.
[[0;32m  OK  [0m] Started LSB: automatic crash report generation.
[[0;32m  OK  [0m] Started LXD - container startup/shutdown.
[[0;32m  OK  [0m] Started Snap Daemon.
         Starting Wait until snapd is fully seeded...
[[0;32m  OK  [0m] Started Wait until snapd is fully seeded.
         Starting Apply the settings specified in cloud-config...
[[0;32m  OK  [0m] Started containerd container runtime.
         Starting Docker Application Container Engine...
[   15.172909] cloud-init[1393]: Cloud-init v. 21.1-19-gbad84ad4-0ubuntu1~16.04.2 running 'modules:config' at Fri, 12 Nov 2021 17:31:44 +0000. Up 15.08 seconds.
[[0;32m  OK  [0m] Started Apply the settings specified in cloud-config.
[[0;32m  OK  [0m] Started Docker Application Container Engine.
[[0;32m  OK  [0m] Reached target Multi-User System.
         Starting Execute cloud user/final scripts...
[[0;32m  OK  [0m] Reached target Graphical Interface.
         Starting Update UTMP about System Runlevel Changes...
[[0;32m  OK  [0m] Started GitLab Runit supervision process.
[[0;32m  OK  [0m] Started Update UTMP about System Runlevel Changes.
[   16.623741] cloud-init[1603]: Cloud-init v. 21.1-19-gbad84ad4-0ubuntu1~16.04.2 running 'modules:final' at Fri, 12 Nov 2021 17:31:46 +0000. Up 16.43 seconds.
[   16.627548] cloud-init[1603]: Cloud-init v. 21.1-19-gbad84ad4-0ubuntu1~16.04.2 finished at Fri, 12 Nov 2021 17:31:46 +0000. Datasource DataSourceNoCloud [seed=/dev/sdb][dsmode=net].  Up 16.61 seconds
[[0;32m  OK  [0m] Started Execute cloud user/final scripts.
[[0;32m  OK  [0m] Reached target Cloud-init target.

Ubuntu 16.04.7 LTS integration-server ttyS0

integration-server login:          Stopping Authenticate and Authorize Users to Run Privileged Tasks...
[[0;32m  OK  [0m] Stopped target Timers.
[[0;32m  OK  [0m] Stopped Message of the Day.
         Stopping Session 3 of user vagrant.
         Stopping ACPI event daemon...
[[0;32m  OK  [0m] Stopped target Graphical Interface.
         Stopping Accounts Service...
         Stopping User Manager for UID 1000...
[[0;32m  OK  [0m] Stopped Daily Cleanup of Temporary Directories.
         Stopping GitLab Runit supervision process...
[[0;32m  OK  [0m] Closed Load/Save RF Kill Switch Status /dev/rfkill Watch.
[[0;32m  OK  [0m] Stopped Daily apt upgrade and clean activities.
[[0;32m  OK  [0m] Stopped Daily apt download activities.
[[0;32m  OK  [0m] Stopped target System Time Synchronized.
[[0;32m  OK  [0m] Stopped target Cloud-init target.
[[0;32m  OK  [0m] Stopped Ubuntu Advantage Timer for running repeated jobs.
[[0;32m  OK  [0m] Stopped Execute cloud user/final scripts.
[[0;32m  OK  [0m] Stopped Apply the settings specified in cloud-config.
[[0;32m  OK  [0m] Stopped target Cloud-config availability.
[[0;32m  OK  [0m] Stopped Accounts Service.
[[0;32m  OK  [0m] Stopped Authenticate and Authorize Users to Run Privileged Tasks.
[[0;32m  OK  [0m] Stopped User Manager for UID 1000.
[[0;32m  OK  [0m] Stopped Session 3 of user vagrant.
[[0;32m  OK  [0m] Removed slice User Slice of vagrant.
[[0;32m  OK  [0m] Stopped User Manager for UID 1000.
[[0;32m  OK  [0m] Removed slice user-1000.slice.
[[0;32m  OK  [0m] Unmounted /run/user/1000.
[[0;32m  OK  [0m] Stopped ACPI event daemon.
[[0;32m  OK  [0m] Stopped GitLab Runit supervision process.
[[0;32m  OK  [0m] Stopped target Multi-User System.
[[0;32m  OK  [0m] Stopped Wait until snapd is fully seeded.
         Stopping Regular background program processing daemon...
         Stopping FUSE filesystem for LXC...
         Stopping LSB: MD monitoring daemon...
         Stopping D-Bus System Message Bus...
         Stopping Deferred execution scheduler...
         Stopping GitLab Runner...
         Stopping Docker Application Container Engine...
         Stopping LXD - container startup/shutdown...
         Stopping LSB: automatic crash report generation...
         Stopping Virtualbox guest utils...
[[0;32m  OK  [0m] Stopped target Login Prompts.
         Stopping Serial Getty on ttyS0...
         Stopping Getty on tty1.         Stopping LSB: daemon to balance interrupts for SMP systems...
         Stopping LSB: Set the CPU Frequency Scaling governor to "ondemand"...
         Stopping OpenBSD Secure Shell server...
         Stopping Login Service...
         Stopping System Logging Service...
[[0;32m  OK  [0m] Unmounted /var/lib/lxcfs.
[[0;32m  OK  [0m] Stopped Regular background program processing daemon.
[[0;32m  OK  [0m] Stopped Deferred execution scheduler.
[[0;32m  OK  [0m] Stopped OpenBSD Secure Shell server.
[[0;32m  OK  [0m] Stopped System Logging Service.
[[0;32m  OK  [0m] Stopped GitLab Runner.
[[0;32m  OK  [0m] Stopped Getty on tty1.
[[0;32m  OK  [0m] Stopped Serial Getty on ttyS0.
[[0;32m  OK  [0m] Stopped Docker Application Container Engine.
[[0;32m  OK  [0m] Stopped D-Bus System Message Bus.
[[0;32m  OK  [0m] Stopped FUSE filesystem for LXC.
[[0;32m  OK  [0m] Stopped LXD - container startup/shutdown.
         Stopping containerd container runtime...
[[0;32m  OK  [0m] Removed slice system-serial\x2dgetty.slice.
         Stopping Permit User Sessions...
[[0;32m  OK  [0m] Removed slice system-getty.slice.
[[0;32m  OK  [0m] Stopped /etc/rc.local Compatibility.
[[0;32m  OK  [0m] Stopped containerd container runtime.
[[0;32m  OK  [0m] Stopped LSB: MD monitoring daemon.
[[0;32m  OK  [0m] Stopped LSB: automatic crash report generation.
[[0;32m  OK  [0m] Stopped Virtualbox guest utils.
[[0;32m  OK  [0m] Stopped LSB: Record successful boot for GRUB.
[[0;32m  OK  [0m] Stopped LSB: daemon to balance interrupts for SMP systems.
[[0;32m  OK  [0m] Stopped LSB: Set the CPU Frequency Scaling governor to "ondemand".
[[0;32m  OK  [0m] Stopped Permit User Sessions.
[[0;32m  OK  [0m] Stopped target Remote File Systems.
         Unmounting /vagrant_data...
         Unmounting /vagrant...
[[0;32m  OK  [0m] Stopped Login Service.
[[0;32m  OK  [0m] Stopped target User and Group Name Lookups.
[[0;32m  OK  [0m] Stopped target Basic System.
[[0;32m  OK  [0m] Stopped target Paths.
[[0;32m  OK  [0m] Stopped ACPI Events Check.
[[0;32m  OK  [0m] Stopped Trigger to poll for Ubuntu ...nly enabled on GCP LTS non-pro).
[[0;32m  OK  [0m] Stopped Dispatch Password Requests to Console Directory Watch.
[[0;32m  OK  [0m] Stopped Forward Password Requests to Wall Directory Watch.
[[0;32m  OK  [0m] Stopped target Slices.
[[0;32m  OK  [0m] Removed slice User and Session Slice.
[[0;32m  OK  [0m] Stopped target Sockets.
[[0;32m  OK  [0m] Closed Syslog Socket.
[[0;32m  OK  [0m] Closed Socket activation for snappy daemon.
[[0;32m  OK  [0m] Closed D-Bus System Message Bus Socket.
[[0;32m  OK  [0m] Closed LXD - unix socket.
[[0;32m  OK  [0m] Closed ACPID Listen Socket.
[[0;32m  OK  [0m] Closed UUID daemon activation socket.
[[0;32m  OK  [0m] Closed Docker Socket for the API.
[[0;32m  OK  [0m] Stopped target System Initialization.
[[0;32m  OK  [0m] Stopped target Swap.
         Stopping Load/Save Random Seed...
         Stopping Update UTMP about System Boot/Shutdown...
[[0;32m  OK  [0m] Stopped target Encrypted Volumes.
[[0;32m  OK  [0m] Stopped Load/Save Random Seed.
[[0;32m  OK  [0m] Stopped Update UTMP about System Boot/Shutdown.
[[0;32m  OK  [0m] Unmounted /vagrant_data.
[[0;32m  OK  [0m] Unmounted /vagrant.
[[0;32m  OK  [0m] Reached target Unmount All Filesystems.
[[0;32m  OK  [0m] Stopped target Remote File Systems (Pre).
         Stopping Login to default iSCSI targets...
[[0;32m  OK  [0m] Stopped Create Volatile Files and Directories.
[[0;32m  OK  [0m] Stopped Login to default iSCSI targets.
         Stopping iSCSI initiator daemon (iscsid)...
[[0;32m  OK  [0m] Stopped iSCSI initiator daemon (iscsid).
[[0;32m  OK  [0m] Stopped target Network is Online.
[[0;32m  OK  [0m] Stopped Initial cloud-init job (metadata service crawler).
[[0;32m  OK  [0m] Stopped target Network.
         Stopping Raise network interfaces...
[[0;32m  OK  [0m] Stopped Raise network interfaces.
[[0;32m  OK  [0m] Stopped target Network (Pre).
[[0;32m  OK  [0m] Stopped Initial cloud-init job (pre-networking).
[[0;32m  OK  [0m] Stopped Apply Kernel Variables.
[[0;32m  OK  [0m] Stopped Load Kernel Modules.
[[0;32m  OK  [0m] Stopped target Local File Systems.
[[0;32m  OK  [0m] Stopped target Local File Systems (Pre).
[[0;32m  OK  [0m] Stopped Remount Root and Kernel File Systems.
[[0;32m  OK  [0m] Stopped Create Static Device Nodes in /dev.
[[0;32m  OK  [0m] Reached target Shutdown.
[ 4566.272624] reboot: Power down
